d:\programing\c++\soul nice\soul nice\x64\release\vc142.pdb
d:\programing\c++\soul nice\soul nice\x64\release\weapon.obj
d:\programing\c++\soul nice\soul nice\x64\release\player.obj
d:\programing\c++\soul nice\soul nice\x64\release\platform.obj
d:\programing\c++\soul nice\soul nice\x64\release\main.obj
d:\programing\c++\soul nice\soul nice\x64\release\loading_screen.obj
d:\programing\c++\soul nice\soul nice\x64\release\item.obj
d:\programing\c++\soul nice\soul nice\x64\release\gate.obj
d:\programing\c++\soul nice\soul nice\x64\release\exam.obj
d:\programing\c++\soul nice\soul nice\x64\release\enemy.obj
d:\programing\c++\soul nice\soul nice\x64\release\collider.obj
d:\programing\c++\soul nice\soul nice\x64\release\button.obj
d:\programing\c++\soul nice\soul nice\x64\release\animation.obj
d:\programing\c++\soul nice\x64\release\soul nice.exe
d:\programing\c++\soul nice\x64\release\soul nice.pdb
d:\programing\c++\soul nice\x64\release\soul nice.ipdb
d:\programing\c++\soul nice\x64\release\soul nice.iobj
d:\programing\c++\soul nice\soul nice\x64\release\soul nice.tlog\cl.command.1.tlog
d:\programing\c++\soul nice\soul nice\x64\release\soul nice.tlog\cl.read.1.tlog
d:\programing\c++\soul nice\soul nice\x64\release\soul nice.tlog\cl.write.1.tlog
d:\programing\c++\soul nice\soul nice\x64\release\soul nice.tlog\link.command.1.tlog
d:\programing\c++\soul nice\soul nice\x64\release\soul nice.tlog\link.read.1.tlog
d:\programing\c++\soul nice\soul nice\x64\release\soul nice.tlog\link.write.1.tlog
d:\programing\c++\soul nice\soul nice\x64\release\soul nice.tlog\soul nice.write.1u.tlog
